<?xml version="1.0" encoding="UTF-8"?>
<!-- Generated by org.testng.reporters.JUnitReportReporter -->
<testsuite name="com.demo.BasicAuthentication" tests="1" time="8.495" ignored="0" failures="0" timestamp="10 May 2020 05:35:39 GMT" skipped="0" hostname="Adi" errors="0">
  <testcase name="basicAuthenticaion" time="8.495" classname="com.demo.BasicAuthentication"/>
</testsuite> <!-- com.demo.BasicAuthentication -->
