<?xml version="1.0" encoding="UTF-8"?>
<!-- Generated by org.testng.reporters.JUnitReportReporter -->
<testsuite name="com.demo.OAuth2_Test" tests="2" time="3.371" ignored="0" failures="0" timestamp="10 May 2020 05:35:39 GMT" skipped="0" hostname="Adi" errors="0">
  <testcase name="doingPaymentWithOauth2Autentication" time="1.651" classname="com.demo.OAuth2_Test"/>
  <testcase name="getAccessTokenViaPreemptiveAuthentication" time="1.720" classname="com.demo.OAuth2_Test"/>
</testsuite> <!-- com.demo.OAuth2_Test -->
