<?xml version="1.0" encoding="UTF-8"?>
<!-- Generated by org.testng.reporters.JUnitReportReporter -->
<testsuite name="com.demo.Deserialization_Cmlx_Rspns" tests="1" time="9.287" ignored="0" failures="0" timestamp="10 May 2020 04:51:28 GMT" skipped="0" hostname="Adi" errors="0">
  <testcase name="create" time="9.287" classname="com.demo.Deserialization_Cmlx_Rspns"/>
</testsuite> <!-- com.demo.Deserialization_Cmlx_Rspns -->
