<?xml version="1.0" encoding="UTF-8"?>
<!-- Generated by org.testng.reporters.JUnitReportReporter -->
<testsuite name="com.demo.DataProvider_Rest" tests="2" time="4.058" ignored="0" failures="0" timestamp="10 May 2020 05:35:39 GMT" skipped="0" hostname="Adi" errors="0">
  <testcase name="createPetWithData" time="1.410" classname="com.demo.DataProvider_Rest"/>
  <testcase name="createPetWithData" time="2.648" classname="com.demo.DataProvider_Rest"/>
</testsuite> <!-- com.demo.DataProvider_Rest -->
