<?xml version="1.0" encoding="UTF-8"?>
<!-- Generated by org.testng.reporters.JUnitReportReporter -->
<testsuite name="com.demo.Oauth2_Test2" tests="1" time="3.158" ignored="0" failures="0" timestamp="10 May 2020 05:35:39 GMT" skipped="0" hostname="Adi" errors="0">
  <testcase name="getAccessTokenViaPreemptiveAuthentication" time="3.158" classname="com.demo.Oauth2_Test2"/>
</testsuite> <!-- com.demo.Oauth2_Test2 -->
