<?xml version="1.0" encoding="UTF-8"?>
<!-- Generated by org.testng.reporters.JUnitReportReporter -->
<testsuite name="com.demo.RestAssured_Log" tests="2" time="2.759" ignored="0" failures="0" timestamp="10 May 2020 05:35:39 GMT" skipped="0" hostname="Adi" errors="0">
  <testcase name="create" time="1.345" classname="com.demo.RestAssured_Log"/>
  <testcase name="get" time="1.414" classname="com.demo.RestAssured_Log"/>
</testsuite> <!-- com.demo.RestAssured_Log -->
