<?xml version="1.0" encoding="UTF-8"?>
<!-- Generated by org.testng.reporters.JUnitReportReporter -->
<testsuite name="com.demo.Deserialization_Cmlx_Rspns" tests="1" time="1.527" ignored="0" failures="0" timestamp="10 May 2020 05:35:39 GMT" skipped="0" hostname="Adi" errors="0">
  <testcase name="create" time="1.527" classname="com.demo.Deserialization_Cmlx_Rspns"/>
</testsuite> <!-- com.demo.Deserialization_Cmlx_Rspns -->
