<?xml version="1.0" encoding="UTF-8"?>
<!-- Generated by org.testng.reporters.JUnitReportReporter -->
<testsuite name="com.demo.JsonSchemaValidation" tests="2" time="3.466" ignored="0" failures="0" timestamp="10 May 2020 05:35:39 GMT" skipped="0" hostname="Adi" errors="0">
  <testcase name="createPetWithData" time="1.471" classname="com.demo.JsonSchemaValidation"/>
  <testcase name="createPetWithData" time="1.995" classname="com.demo.JsonSchemaValidation"/>
</testsuite> <!-- com.demo.JsonSchemaValidation -->
