<?xml version="1.0" encoding="UTF-8"?>
<!-- Generated by org.testng.reporters.JUnitReportReporter -->
<testsuite name="com.demo.JsonSchemaValidation" tests="2" time="47.162" ignored="0" failures="0" timestamp="10 May 2020 05:29:04 GMT" skipped="0" hostname="Adi" errors="0">
  <testcase name="createPetWithData" time="9.432" classname="com.demo.JsonSchemaValidation"/>
  <testcase name="createPetWithData" time="37.730" classname="com.demo.JsonSchemaValidation"/>
</testsuite> <!-- com.demo.JsonSchemaValidation -->
