<?xml version="1.0" encoding="UTF-8"?>
<!-- Generated by org.testng.reporters.JUnitReportReporter -->
<testsuite name="com.demo.RestDemo" tests="1" time="1.479" ignored="0" failures="0" timestamp="10 May 2020 05:35:39 GMT" skipped="0" hostname="Adi" errors="0">
  <testcase name="getResponse" time="1.479" classname="com.demo.RestDemo"/>
</testsuite> <!-- com.demo.RestDemo -->
