<?xml version="1.0" encoding="UTF-8"?>
<!-- Generated by org.testng.reporters.JUnitReportReporter -->
<testsuite name="com.demo.DataProvider_Rest" tests="2" time="4.503" ignored="0" failures="0" timestamp="09 May 2020 09:35:39 GMT" skipped="0" hostname="Adi" errors="0">
  <testcase name="createPetWithData" time="1.446" classname="com.demo.DataProvider_Rest"/>
  <testcase name="createPetWithData" time="3.057" classname="com.demo.DataProvider_Rest"/>
</testsuite> <!-- com.demo.DataProvider_Rest -->
