<?xml version="1.0" encoding="UTF-8"?>
<!-- Generated by org.testng.reporters.JUnitReportReporter -->
<testsuite name="com.demo.OAuth2_Test" tests="2" time="3.476" ignored="0" failures="0" timestamp="09 May 2020 09:35:39 GMT" skipped="0" hostname="Adi" errors="0">
  <testcase name="getAccessTokenViaPreemptiveAuthentication" time="1.771" classname="com.demo.OAuth2_Test"/>
  <testcase name="doingPaymentWithOauth2Autentication" time="1.705" classname="com.demo.OAuth2_Test"/>
</testsuite> <!-- com.demo.OAuth2_Test -->
