<?xml version="1.0" encoding="UTF-8"?>
<!-- Generated by org.testng.reporters.JUnitReportReporter -->
<testsuite name="com.demo.QueryParam_Test" tests="1" time="1.200" ignored="0" failures="0" timestamp="09 May 2020 09:35:39 GMT" skipped="0" hostname="Adi" errors="0">
  <testcase name="queryTest" time="1.200" classname="com.demo.QueryParam_Test"/>
</testsuite> <!-- com.demo.QueryParam_Test -->
