<?xml version="1.0" encoding="UTF-8"?>
<!-- Generated by org.testng.reporters.JUnitReportReporter -->
<testsuite name="com.demo.BasicAuthentication" tests="1" time="11.510" ignored="0" failures="0" timestamp="09 May 2020 09:35:39 GMT" skipped="0" hostname="Adi" errors="0">
  <testcase name="basicAuthenticaion" time="11.510" classname="com.demo.BasicAuthentication"/>
</testsuite> <!-- com.demo.BasicAuthentication -->
