<?xml version="1.0" encoding="UTF-8"?>
<!-- Generated by org.testng.reporters.JUnitReportReporter -->
<testsuite name="com.demo.RestPathParam" tests="2" time="3.022" ignored="0" failures="0" timestamp="09 May 2020 09:35:39 GMT" skipped="0" hostname="Adi" errors="0">
  <testcase name="create" time="1.361" classname="com.demo.RestPathParam"/>
  <testcase name="get" time="1.661" classname="com.demo.RestPathParam"/>
</testsuite> <!-- com.demo.RestPathParam -->
