<?xml version="1.0" encoding="UTF-8"?>
<!-- Generated by org.testng.reporters.JUnitReportReporter -->
<testsuite name="com.demo.RestAssured_Log" tests="2" time="2.825" ignored="0" failures="0" timestamp="09 May 2020 09:35:39 GMT" skipped="0" hostname="Adi" errors="0">
  <testcase name="create" time="1.388" classname="com.demo.RestAssured_Log"/>
  <testcase name="get" time="1.437" classname="com.demo.RestAssured_Log"/>
</testsuite> <!-- com.demo.RestAssured_Log -->
